nohup: ignoring input
Checking / Creating database …
Database ready.
✅ Database connected & seeded.
✅ Sanglen Server running on http://192.168.29.191:3000
2025-07-13T20:17:19.307948  0:00:00.057573 GET     [200] /
2025-07-13T20:17:20.104462  0:00:00.012067 GET     [200] /swagger.yaml
2025-07-13T20:18:38.554397  0:00:00.007577 GET     [200] /
2025-07-13T20:18:39.056825  0:00:00.006244 GET     [200] /swagger.yaml
2025-07-13T20:18:46.638725  0:00:00.004788 GET     [200] /
2025-07-13T20:18:47.247068  0:00:00.006095 GET     [200] /swagger.yaml
2025-07-13T20:24:43.136967  0:00:00.014856 GET     [200] /
2025-07-13T20:24:43.805773  0:00:00.006362 GET     [200] /swagger.yaml
2025-07-13T20:26:30.823733  0:00:00.004849 GET     [200] /
2025-07-13T20:26:30.878604  0:00:00.042287 GET     [404] /vscode.png
2025-07-13T20:26:32.248421  0:00:00.007508 GET     [200] /swagger.yaml
2025-07-13T20:27:49.055487  0:00:00.002289 GET     [200] /
2025-07-13T20:27:49.102363  0:00:00.001258 GET     [404] /vscode.png
2025-07-13T20:27:49.564091  0:00:00.006604 GET     [200] /swagger.yaml
2025-07-13T20:28:00.837613  0:00:00.004995 GET     [200] /
2025-07-13T20:28:00.895216  0:00:00.001775 GET     [404] /vscode.png
2025-07-13T20:28:01.269012  0:00:00.005395 GET     [200] /swagger.yaml
2025-07-13T20:36:16.874367  0:00:00.002139 GET     [200] /
2025-07-13T20:36:16.926889  0:00:00.001351 GET     [404] /vscode.png
2025-07-13T20:36:17.641558  0:00:00.004502 GET     [200] /swagger.yaml
2025-07-13T20:42:44.646016  0:00:00.014231 GET     [200] /
2025-07-13T20:42:45.562165  0:00:00.005474 GET     [200] /swagger.yaml
2025-07-13T20:44:37.607973  0:00:00.006101 GET     [200] /
2025-07-13T20:44:38.917101  0:00:00.004904 GET     [200] /swagger.yaml
2025-07-13T20:59:07.032990  0:00:00.014660 GET     [200] /
2025-07-13T20:59:08.504838  0:00:00.004637 GET     [200] /swagger.yaml
2025-07-13T21:00:56.438796  0:00:00.004000 GET     [200] /
2025-07-13T21:00:57.050204  0:00:00.136801 GET     [200] /swagger.yaml
2025-07-13T21:01:33.303732  0:00:00.005847 GET     [200] /
2025-07-13T21:01:33.490260  0:00:00.010653 GET     [200] /swagger.yaml
2025-07-13T21:02:49.388033  0:00:00.005630 GET     [200] /
2025-07-13T21:02:49.895397  0:00:00.005604 GET     [200] /swagger.yaml
2025-07-13T21:02:50.918792  0:00:00.004393 GET     [200] /
2025-07-13T21:02:51.070290  0:00:00.005689 GET     [200] /swagger.yaml
2025-07-13T21:04:05.265304  0:00:00.001708 GET     [200] /
2025-07-13T21:04:05.772777  0:00:00.009035 GET     [200] /swagger.yaml
2025-07-13T21:05:02.815662  0:00:00.003880 GET     [200] /
2025-07-13T21:05:02.979242  0:00:00.006193 GET     [200] /swagger.yaml
2025-07-13T21:06:14.909736  0:00:00.002584 GET     [200] /
2025-07-13T21:06:16.230003  0:00:00.003414 GET     [200] /swagger.yaml
2025-07-13T21:07:50.036805  0:00:00.002548 GET     [200] /
2025-07-13T21:07:50.642075  0:00:00.003338 GET     [200] /swagger.yaml
2025-07-13T21:08:21.133577  0:00:00.002328 GET     [200] /
2025-07-13T21:08:21.312531  0:00:00.002625 GET     [200] /swagger.yaml
2025-07-13T21:09:28.036124  0:00:00.004576 GET     [200] /
2025-07-13T21:09:28.538330  0:00:00.005229 GET     [200] /swagger.yaml
2025-07-13T21:09:37.652680  0:00:00.004105 GET     [200] /
2025-07-13T21:09:37.830492  0:00:00.005376 GET     [200] /swagger.yaml
2025-07-13T21:46:58.706212  0:00:00.006266 GET     [200] /
2025-07-13T21:46:59.403174  0:00:00.006877 GET     [200] /swagger.yaml
2025-07-13T21:48:22.966747  0:00:00.005695 GET     [200] /
2025-07-13T21:48:23.471255  0:00:00.005576 GET     [200] /swagger.yaml
2025-07-13T21:49:03.938881  0:00:00.002037 GET     [200] /
2025-07-13T21:49:04.103382  0:00:00.004712 GET     [200] /swagger.yaml
2025-07-13T21:50:20.867828  0:00:00.008199 GET     [200] /
2025-07-13T21:50:21.413897  0:00:00.006209 GET     [200] /swagger.yaml
2025-07-13T21:54:09.415894  0:00:00.009188 GET     [200] /
2025-07-13T21:54:09.993275  0:00:00.008325 GET     [200] /swagger.yaml
2025-07-13T21:55:42.902920  0:00:00.002282 GET     [200] /
2025-07-13T21:55:43.380388  0:00:00.002354 GET     [200] /swagger.yaml
2025-07-13T21:56:28.651269  0:00:00.004805 GET     [200] /
2025-07-13T21:56:28.819893  0:00:00.002630 GET     [200] /swagger.yaml
2025-07-13T21:59:53.461369  0:00:00.003284 GET     [200] /
2025-07-13T21:59:53.954672  0:00:00.001916 GET     [200] /swagger.yaml
2025-07-13T22:00:15.819961  0:00:00.194116 GET     [200] /surnames
